                                                                          
                                                                          
                                                                          
                                                  .                       
                                                                          
                                                ..@#                      
                                                @@@@@.                    
                                        .    :   *@@  . .                 
                                          @:=@@@@@@@@@@@@#:..             
                                       .  @@@@@@@@@@@@@@@@@@              
                                       :@@@@@@@@@@@@@@@@@@@@@             
                                      .@@@@@@@@@@@@@@@@@@@@@@@            
                            .@-@@.    -@@@@@@@@@@@@@@@@@@@@@@             
                           :@@@@@@@@: @@@@@@@@@@@@@@@@@@@@@@@             
                         . @@@@@@@@@@.@@@@@@@@@@@@@@@@@@@@@@@             
           @@@@@@@@@@@@@@@@@@@@@@@@@@@@@@@@@@@@@@@@@@@@@@@@               
                         . @@@@@@@@@@.@@@@@@@@@@@@@@@@@@@@@@@             
                           :@@@@@@@@: @@@@@@@@@@@@@@@@@@@@@@@             
                            .@-@@.    -@@@@@@@@@@@@@@@@@@@@@@             
                                      .@@@@@@@@@@@@@@@@@@@@@@@            
                                       :@@@@@@@@@@@@@@@@@@@@@             
                                       .  @@@@@@@@@@@@@@@@@@              
                                          @:=@@@@@@@@@@@@#:..             
                                        .    :   *@@  . .                 
                                                @@@@@.                    
                                                ..@#                      
                                                                          
                                                  .                       
                                                                          
                                                                          
mandelbrot 900x600 maxit=200 total_iters=21054514 in_set=94326
