weblog: 17 parsed, 2 skipped (19 non-blank lines)

status classes:
  2xx       11
  3xx        2
  4xx        3
  5xx        1

top 5 urls by hits:
    hits    bytes  url
       6    13956  /index.html
       3     2086  /style.css
       2     5120  /dashboard
       2      600  /admin
       2     4241  /api/data

top 5 client ips by hits:
    hits  ip
       5  192.168.0.1
       5  10.0.0.5
       4  203.0.113.9
       3  192.168.0.2

requests by hour:
  2000-10-10 13       7
  2000-10-10 14      10
