start:
##############
#            #
#            #
#            #
#      O  *  #
#            #
#            #
##############
score: 0

move 0 right:
##############
#            #
#            #
#            #
#       O *  #
#            #
#            #
##############
score: 0

move 1 right:
##############
#            #
#            #
#            #
#        O*  #
#            #
#            #
##############
score: 0

move 2 right:
##############
#            #
#         *  #
#            #
#        oO  #
#            #
#            #
##############
score: 1

move 3 down:
##############
#            #
#         *  #
#            #
#         o  #
#         O  #
#            #
##############
score: 1

move 4 down:
##############
#            #
#         *  #
#            #
#            #
#         o  #
#         O  #
##############
score: 1

move 5 left:
##############
#            #
#         *  #
#            #
#            #
#            #
#        Oo  #
##############
score: 1

move 6 left:
##############
#            #
#         *  #
#            #
#            #
#            #
#       Oo   #
##############
score: 1

move 7 up:
##############
#            #
#         *  #
#            #
#            #
#       O    #
#       o    #
##############
score: 1

move 8 up:
##############
#            #
#         *  #
#            #
#       O    #
#       o    #
#            #
##############
score: 1

move 9 up:
##############
#            #
#         *  #
#       O    #
#       o    #
#            #
#            #
##############
score: 1

move 10 up:
##############
#            #
#       O *  #
#       o    #
#            #
#            #
#            #
##############
score: 1

move 11 up:
##############
#       O    #
#       o *  #
#            #
#            #
#            #
#            #
##############
score: 1

move 12 up:
##############
#       O    #
#       o *  #
#            #
#            #
#            #
#            #
##############
score: 1

game over — final score 1
